[0m14:54:29.445819 [debug] [MainThread]: Sending event: {'category': 'dbt', 'action': 'invocation', 'label': 'start', 'context': [<snowplow_tracker.self_describing_json.SelfDescribingJson object at 0x1047b2fc0>, <snowplow_tracker.self_describing_json.SelfDescribingJson object at 0x1074ab140>, <snowplow_tracker.self_describing_json.SelfDescribingJson object at 0x1074aade0>]}


============================== 14:54:29.448345 | dcf99368-0b07-471d-9f4e-1229348daddb ==============================
[0m14:54:29.448345 [info ] [MainThread]: Running with dbt=1.11.8
[0m14:54:29.448687 [debug] [MainThread]: running dbt with arguments {'profiles_dir': '/Users/elizavetafavarisova/.dbt', 'use_experimental_parser': 'False', 'use_colors': 'True', 'invocation_command': 'dbt init', 'write_json': 'True', 'target_path': 'None', 'indirect_selection': 'eager', 'version_check': 'True', 'send_anonymous_usage_stats': 'True', 'quiet': 'False', 'partial_parse': 'True', 'log_format': 'default', 'warn_error': 'None', 'introspect': 'True', 'debug': 'False', 'no_print': 'None', 'log_path': 'logs', 'static_parser': 'True', 'fail_fast': 'False', 'warn_error_options': 'WarnErrorOptionsV2(error=[], warn=[], silence=[])', 'cache_selected_only': 'False', 'empty': 'None', 'printer_width': '80', 'log_cache_events': 'False'}
[0m14:54:52.361063 [debug] [MainThread]: Starter project path: /Users/elizavetafavarisova/Documents/projects/global-weather-data/.venv/lib/python3.12/site-packages/dbt/include/starter_project
[0m14:54:52.374608 [info ] [MainThread]: 
Your new dbt project "weather_data" was created!

For more information on how to configure the profiles.yml file,
please consult the dbt documentation here:

  https://docs.getdbt.com/docs/configure-your-profile

One more thing:

Need help? Don't hesitate to reach out to us via GitHub issues or on Slack:

  https://community.getdbt.com/

Happy modeling!

[0m14:54:52.375856 [info ] [MainThread]: Setting up your profile.
[0m14:56:03.928701 [info ] [MainThread]: Profile weather_data written to /Users/elizavetafavarisova/.dbt/profiles.yml using target's profile_template.yml and your supplied values. Run 'dbt debug' to validate the connection.
[0m14:56:03.935146 [debug] [MainThread]: Resource report: {"command_name": "init", "command_success": true, "command_wall_clock_time": 94.53379, "process_in_blocks": "0", "process_kernel_time": 0.284474, "process_mem_max_rss": "214548480", "process_out_blocks": "0", "process_user_time": 1.366161}
[0m14:56:03.936526 [debug] [MainThread]: Command `dbt init` succeeded at 14:56:03.936353 after 94.54 seconds
[0m14:56:03.937240 [debug] [MainThread]: Sending event: {'category': 'dbt', 'action': 'invocation', 'label': 'end', 'context': [<snowplow_tracker.self_describing_json.SelfDescribingJson object at 0x106b62630>, <snowplow_tracker.self_describing_json.SelfDescribingJson object at 0x115b3eea0>, <snowplow_tracker.self_describing_json.SelfDescribingJson object at 0x11554c8c0>]}
[0m14:56:03.937883 [debug] [MainThread]: Flushing usage events
[0m14:56:05.196668 [debug] [MainThread]: An error was encountered while trying to flush usage events
[0m16:10:08.492196 [debug] [MainThread]: Sending event: {'category': 'dbt', 'action': 'invocation', 'label': 'start', 'context': [<snowplow_tracker.self_describing_json.SelfDescribingJson object at 0x104179b80>, <snowplow_tracker.self_describing_json.SelfDescribingJson object at 0x104ce3170>, <snowplow_tracker.self_describing_json.SelfDescribingJson object at 0x104ce2e10>]}


============================== 16:10:08.496274 | d8bf5a4b-c24c-444d-ab27-5c809e7715ad ==============================
[0m16:10:08.496274 [info ] [MainThread]: Running with dbt=1.11.8
[0m16:10:08.496810 [debug] [MainThread]: running dbt with arguments {'partial_parse': 'True', 'introspect': 'True', 'target_path': 'None', 'warn_error': 'None', 'printer_width': '80', 'send_anonymous_usage_stats': 'True', 'log_format': 'default', 'quiet': 'False', 'empty': 'None', 'fail_fast': 'False', 'profiles_dir': '/Users/elizavetafavarisova/.dbt', 'no_print': 'None', 'log_cache_events': 'False', 'use_colors': 'True', 'invocation_command': 'dbt init', 'debug': 'False', 'write_json': 'True', 'use_experimental_parser': 'False', 'version_check': 'True', 'log_path': 'logs', 'indirect_selection': 'eager', 'static_parser': 'True', 'cache_selected_only': 'False', 'warn_error_options': 'WarnErrorOptionsV2(error=[], warn=[], silence=[])'}
[0m16:10:26.153638 [debug] [MainThread]: Starter project path: /Users/elizavetafavarisova/Documents/projects/global-weather-data/.venv/lib/python3.12/site-packages/dbt/include/starter_project
[0m16:10:26.166118 [info ] [MainThread]: 
Your new dbt project "weather_data" was created!

For more information on how to configure the profiles.yml file,
please consult the dbt documentation here:

  https://docs.getdbt.com/docs/configure-your-profile

One more thing:

Need help? Don't hesitate to reach out to us via GitHub issues or on Slack:

  https://community.getdbt.com/

Happy modeling!

[0m16:10:26.167234 [info ] [MainThread]: Setting up your profile.
[0m16:10:43.614945 [debug] [MainThread]: Resource report: {"command_name": "init", "command_success": true, "command_wall_clock_time": 35.197803, "process_in_blocks": "0", "process_kernel_time": 0.222883, "process_mem_max_rss": "125206528", "process_out_blocks": "0", "process_user_time": 1.273318}
[0m16:10:43.615499 [debug] [MainThread]: Command `dbt init` succeeded at 16:10:43.615398 after 35.20 seconds
[0m16:10:43.615845 [debug] [MainThread]: Sending event: {'category': 'dbt', 'action': 'invocation', 'label': 'end', 'context': [<snowplow_tracker.self_describing_json.SelfDescribingJson object at 0x104e04a70>, <snowplow_tracker.self_describing_json.SelfDescribingJson object at 0x10302a330>, <snowplow_tracker.self_describing_json.SelfDescribingJson object at 0x104d15430>]}
[0m16:10:43.616206 [debug] [MainThread]: Flushing usage events
[0m16:10:48.778821 [debug] [MainThread]: An error was encountered while trying to flush usage events
[0m16:31:10.962668 [debug] [MainThread]: Sending event: {'category': 'dbt', 'action': 'invocation', 'label': 'start', 'context': [<snowplow_tracker.self_describing_json.SelfDescribingJson object at 0x101fb60f0>, <snowplow_tracker.self_describing_json.SelfDescribingJson object at 0x104dff140>, <snowplow_tracker.self_describing_json.SelfDescribingJson object at 0x104dfede0>]}


============================== 16:31:10.966375 | 25994a5d-cbc2-43d3-af5e-d531ab1b66b6 ==============================
[0m16:31:10.966375 [info ] [MainThread]: Running with dbt=1.11.8
[0m16:31:10.966884 [debug] [MainThread]: running dbt with arguments {'no_print': 'None', 'warn_error': 'None', 'warn_error_options': 'WarnErrorOptionsV2(error=[], warn=[], silence=[])', 'target_path': 'None', 'empty': 'None', 'send_anonymous_usage_stats': 'True', 'version_check': 'True', 'fail_fast': 'False', 'partial_parse': 'True', 'cache_selected_only': 'False', 'printer_width': '80', 'log_cache_events': 'False', 'profiles_dir': '/Users/elizavetafavarisova/.dbt', 'quiet': 'False', 'use_colors': 'True', 'log_format': 'default', 'log_path': 'logs', 'invocation_command': 'dbt debug', 'write_json': 'True', 'use_experimental_parser': 'False', 'introspect': 'True', 'indirect_selection': 'eager', 'debug': 'False', 'static_parser': 'True'}
[0m16:31:10.975502 [info ] [MainThread]: dbt version: 1.11.8
[0m16:31:10.975895 [info ] [MainThread]: python version: 3.12.4
[0m16:31:10.976154 [info ] [MainThread]: python path: /Users/elizavetafavarisova/Documents/projects/global-weather-data/.venv/bin/python3.12
[0m16:31:10.976393 [info ] [MainThread]: os info: macOS-14.5-arm64-arm-64bit
[0m16:31:11.118716 [info ] [MainThread]: Using profiles dir at /Users/elizavetafavarisova/.dbt
[0m16:31:11.119159 [info ] [MainThread]: Using profiles.yml file at /Users/elizavetafavarisova/.dbt/profiles.yml
[0m16:31:11.119420 [info ] [MainThread]: Using dbt_project.yml file at /Users/elizavetafavarisova/Documents/projects/global-weather-data/dbt_project.yml
[0m16:31:11.121894 [info ] [MainThread]: adapter type: duckdb
[0m16:31:11.122183 [info ] [MainThread]: adapter version: 1.10.1
[0m16:31:11.122451 [info ] [MainThread]: Configuration:
[0m16:31:11.122684 [info ] [MainThread]:   profiles.yml file [[32mOK found and valid[0m]
[0m16:31:11.122894 [info ] [MainThread]:   dbt_project.yml file [[31mERROR not found[0m]
[0m16:31:11.123098 [info ] [MainThread]: Required dependencies:
[0m16:31:11.123352 [debug] [MainThread]: Executing "git --help"
[0m16:31:11.134114 [debug] [MainThread]: STDOUT: "b'\xd0\xb8\xd1\x81\xd0\xbf\xd0\xbe\xd0\xbb\xd1\x8c\xd0\xb7\xd0\xbe\xd0\xb2\xd0\xb0\xd0\xbd\xd0\xb8\xd0\xb5: git [-v | --version] [-h | --help] [-C <path>] [-c <name>=<value>]\n           [--exec-path[=<path>]] [--html-path] [--man-path] [--info-path]\n           [-p | --paginate | -P | --no-pager] [--no-replace-objects] [--bare]\n           [--git-dir=<path>] [--work-tree=<path>] [--namespace=<name>]\n           [--config-env=<name>=<envvar>] <command> [<args>]\n\n\xd0\xa1\xd1\x82\xd0\xb0\xd0\xbd\xd0\xb4\xd0\xb0\xd1\x80\xd1\x82\xd0\xbd\xd1\x8b\xd0\xb5 \xd0\xba\xd0\xbe\xd0\xbc\xd0\xb0\xd0\xbd\xd0\xb4\xd1\x8b Git \xd0\xb8\xd1\x81\xd0\xbf\xd0\xbe\xd0\xbb\xd1\x8c\xd0\xb7\xd1\x83\xd0\xb5\xd0\xbc\xd1\x8b\xd0\xb5 \xd0\xb2 \xd1\x80\xd0\xb0\xd0\xb7\xd0\xbb\xd0\xb8\xd1\x87\xd0\xbd\xd1\x8b\xd1\x85 \xd1\x81\xd0\xb8\xd1\x82\xd1\x83\xd0\xb0\xd1\x86\xd0\xb8\xd1\x8f\xd1\x85:\n\n\xd1\x81\xd0\xbe\xd0\xb7\xd0\xb4\xd0\xb0\xd0\xbd\xd0\xb8\xd0\xb5 \xd1\x80\xd0\xb0\xd0\xb1\xd0\xbe\xd1\x87\xd0\xb5\xd0\xb9 \xd0\xbe\xd0\xb1\xd0\xbb\xd0\xb0\xd1\x81\xd1\x82\xd0\xb8 (\xd1\x81\xd0\xbc\xd0\xbe\xd1\x82\xd1\x80\xd0\xb8\xd1\x82\xd0\xb5 \xd1\x82\xd0\xb0\xd0\xba\xd0\xb6\xd0\xb5: git help tutorial)\n   clone     \xd0\x9a\xd0\xbb\xd0\xbe\xd0\xbd\xd0\xb8\xd1\x80\xd0\xbe\xd0\xb2\xd0\xb0\xd0\xbd\xd0\xb8\xd0\xb5 \xd1\x80\xd0\xb5\xd0\xbf\xd0\xbe\xd0\xb7\xd0\xb8\xd1\x82\xd0\xbe\xd1\x80\xd0\xb8\xd1\x8f \xd0\xb2 \xd0\xbd\xd0\xbe\xd0\xb2\xd1\x8b\xd0\xb9 \xd0\xba\xd0\xb0\xd1\x82\xd0\xb0\xd0\xbb\xd0\xbe\xd0\xb3\n   init      \xd0\xa1\xd0\xbe\xd0\xb7\xd0\xb4\xd0\xb0\xd0\xbd\xd0\xb8\xd0\xb5 \xd0\xbf\xd1\x83\xd1\x81\xd1\x82\xd0\xbe\xd0\xb3\xd0\xbe \xd1\x80\xd0\xb5\xd0\xbf\xd0\xbe\xd0\xb7\xd0\xb8\xd1\x82\xd0\xbe\xd1\x80\xd0\xb8\xd1\x8f Git \xd0\xb8\xd0\xbb\xd0\xb8 \xd0\xbf\xd0\xb5\xd1\x80\xd0\xb5\xd0\xb8\xd0\xbd\xd0\xb8\xd1\x86\xd0\xb8\xd0\xb0\xd0\xbb\xd0\xb8\xd0\xb7\xd0\xb0\xd1\x86\xd0\xb8\xd1\x8f \xd1\x81\xd1\x83\xd1\x89\xd0\xb5\xd1\x81\xd1\x82\xd0\xb2\xd1\x83\xd1\x8e\xd1\x89\xd0\xb5\xd0\xb3\xd0\xbe\n\n\xd1\x80\xd0\xb0\xd0\xb1\xd0\xbe\xd1\x82\xd0\xb0 \xd1\x81 \xd1\x82\xd0\xb5\xd0\xba\xd1\x83\xd1\x89\xd0\xb8\xd0\xbc\xd0\xb8 \xd0\xb8\xd0\xb7\xd0\xbc\xd0\xb5\xd0\xbd\xd0\xb5\xd0\xbd\xd0\xb8\xd1\x8f\xd0\xbc\xd0\xb8 (\xd1\x81\xd0\xbc\xd0\xbe\xd1\x82\xd1\x80\xd0\xb8\xd1\x82\xd0\xb5 \xd1\x82\xd0\xb0\xd0\xba\xd0\xb6\xd0\xb5: git help everyday)\n   add       \xd0\x94\xd0\xbe\xd0\xb1\xd0\xb0\xd0\xb2\xd0\xbb\xd0\xb5\xd0\xbd\xd0\xb8\xd0\xb5 \xd1\x81\xd0\xbe\xd0\xb4\xd0\xb5\xd1\x80\xd0\xb6\xd0\xb8\xd0\xbc\xd0\xbe\xd0\xb3\xd0\xbe \xd1\x84\xd0\xb0\xd0\xb9\xd0\xbb\xd0\xb0 \xd0\xb2 \xd0\xb8\xd0\xbd\xd0\xb4\xd0\xb5\xd0\xba\xd1\x81\n   mv        \xd0\x9f\xd0\xb5\xd1\x80\xd0\xb5\xd0\xbc\xd0\xb5\xd1\x89\xd0\xb5\xd0\xbd\xd0\xb8\xd0\xb5 \xd0\xb8\xd0\xbb\xd0\xb8 \xd0\xbf\xd0\xb5\xd1\x80\xd0\xb5\xd0\xb8\xd0\xbc\xd0\xb5\xd0\xbd\xd0\xbe\xd0\xb2\xd0\xb0\xd0\xbd\xd0\xb8\xd0\xb5 \xd1\x84\xd0\xb0\xd0\xb9\xd0\xbb\xd0\xb0, \xd0\xba\xd0\xb0\xd1\x82\xd0\xb0\xd0\xbb\xd0\xbe\xd0\xb3\xd0\xb0 \xd0\xb8\xd0\xbb\xd0\xb8 \xd1\x81\xd0\xb8\xd0\xbc\xd0\xb2\xd0\xbe\xd0\xbb\xd1\x8c\xd0\xbd\xd0\xbe\xd0\xb9 \xd1\x81\xd1\x81\xd1\x8b\xd0\xbb\xd0\xba\xd0\xb8\n   restore   \xd0\x92\xd0\xbe\xd1\x81\xd1\x81\xd1\x82\xd0\xb0\xd0\xbd\xd0\xbe\xd0\xb2\xd0\xbb\xd0\xb5\xd0\xbd\xd0\xb8\xd0\xb5 \xd1\x84\xd0\xb0\xd0\xb9\xd0\xbb\xd0\xbe\xd0\xb2 \xd0\xb2 \xd1\x80\xd0\xb0\xd0\xb1\xd0\xbe\xd1\x87\xd0\xb5\xd0\xbc \xd0\xba\xd0\xb0\xd1\x82\xd0\xb0\xd0\xbb\xd0\xbe\xd0\xb3\xd0\xb5\n   rm        \xd0\xa3\xd0\xb4\xd0\xb0\xd0\xbb\xd0\xb5\xd0\xbd\xd0\xb8\xd0\xb5 \xd1\x84\xd0\xb0\xd0\xb9\xd0\xbb\xd0\xbe\xd0\xb2 \xd0\xb8\xd0\xb7 \xd1\x80\xd0\xb0\xd0\xb1\xd0\xbe\xd1\x87\xd0\xb5\xd0\xb3\xd0\xbe \xd0\xba\xd0\xb0\xd1\x82\xd0\xb0\xd0\xbb\xd0\xbe\xd0\xb3\xd0\xb0 \xd0\xb8 \xd0\xb8\xd0\xbd\xd0\xb4\xd0\xb5\xd0\xba\xd1\x81\xd0\xb0\n\n\xd0\xbf\xd1\x80\xd0\xbe\xd1\x81\xd0\xbc\xd0\xbe\xd1\x82\xd1\x80 \xd0\xb8\xd1\x81\xd1\x82\xd0\xbe\xd1\x80\xd0\xb8\xd0\xb8 \xd0\xb8 \xd1\x82\xd0\xb5\xd0\xba\xd1\x83\xd1\x89\xd0\xb5\xd0\xb3\xd0\xbe \xd1\x81\xd0\xbe\xd1\x81\xd1\x82\xd0\xbe\xd1\x8f\xd0\xbd\xd0\xb8\xd1\x8f (\xd1\x81\xd0\xbc\xd0\xbe\xd1\x82\xd1\x80\xd0\xb8\xd1\x82\xd0\xb5 \xd1\x82\xd0\xb0\xd0\xba\xd0\xb6\xd0\xb5: git help revisions)\n   bisect    \xd0\x92\xd1\x8b\xd0\xbf\xd0\xbe\xd0\xbb\xd0\xbd\xd0\xb5\xd0\xbd\xd0\xb8\xd0\xb5 \xd0\xb4\xd0\xb2\xd0\xbe\xd0\xb8\xd1\x87\xd0\xbd\xd0\xbe\xd0\xb3\xd0\xbe \xd0\xbf\xd0\xbe\xd0\xb8\xd1\x81\xd0\xba\xd0\xb0 \xd0\xba\xd0\xbe\xd0\xbc\xd0\xbc\xd0\xb8\xd1\x82\xd0\xb0, \xd0\xba\xd0\xbe\xd1\x82\xd0\xbe\xd1\x80\xd1\x8b\xd0\xb9 \xd0\xb2\xd0\xbd\xd0\xbe\xd1\x81\xd0\xb8\xd1\x82 \xd0\xbe\xd1\x88\xd0\xb8\xd0\xb1\xd0\xba\xd1\x83\n   diff      \xd0\x92\xd1\x8b\xd0\xb2\xd0\xbe\xd0\xb4 \xd1\x80\xd0\xb0\xd0\xb7\xd0\xbd\xd0\xb8\xd1\x86\xd1\x8b \xd0\xbc\xd0\xb5\xd0\xb6\xd0\xb4\xd1\x83 \xd0\xba\xd0\xbe\xd0\xbc\xd0\xbc\xd0\xb8\xd1\x82\xd0\xb0\xd0\xbc\xd0\xb8, \xd0\xba\xd0\xbe\xd0\xbc\xd0\xbc\xd0\xb8\xd1\x82\xd0\xbe\xd0\xbc \xd0\xb8 \xd1\x80\xd0\xb0\xd0\xb1\xd0\xbe\xd1\x87\xd0\xb8\xd0\xbc \xd0\xba\xd0\xb0\xd1\x82\xd0\xb0\xd0\xbb\xd0\xbe\xd0\xb3\xd0\xbe\xd0\xbc \xd0\xb8 \xd1\x82.\xd0\xb4.\n   grep      \xd0\x92\xd1\x8b\xd0\xb2\xd0\xbe\xd0\xb4 \xd1\x81\xd1\x82\xd1\x80\xd0\xbe\xd0\xba, \xd1\x81\xd0\xbe\xd0\xbe\xd1\x82\xd0\xb2\xd0\xb5\xd1\x82\xd1\x81\xd1\x82\xd0\xb2\xd1\x83\xd1\x8e\xd1\x89\xd0\xb8\xd1\x85 \xd1\x88\xd0\xb0\xd0\xb1\xd0\xbb\xd0\xbe\xd0\xbd\xd1\x83\n   log       \xd0\x92\xd1\x8b\xd0\xb2\xd0\xbe\xd0\xb4 \xd0\xb8\xd1\x81\xd1\x82\xd0\xbe\xd1\x80\xd0\xb8\xd0\xb8 \xd0\xba\xd0\xbe\xd0\xbc\xd0\xbc\xd0\xb8\xd1\x82\xd0\xbe\xd0\xb2\n   show      \xd0\x92\xd1\x8b\xd0\xb2\xd0\xbe\xd0\xb4 \xd1\x80\xd0\xb0\xd0\xb7\xd0\xbb\xd0\xb8\xd1\x87\xd0\xbd\xd1\x8b\xd1\x85 \xd1\x82\xd0\xb8\xd0\xbf\xd0\xbe\xd0\xb2 \xd0\xbe\xd0\xb1\xd1\x8a\xd0\xb5\xd0\xba\xd1\x82\xd0\xbe\xd0\xb2\n   status    \xd0\x92\xd1\x8b\xd0\xb2\xd0\xbe\xd0\xb4 \xd1\x81\xd0\xbe\xd1\x81\xd1\x82\xd0\xbe\xd1\x8f\xd0\xbd\xd0\xb8\xd1\x8f \xd1\x80\xd0\xb0\xd0\xb1\xd0\xbe\xd1\x87\xd0\xb5\xd0\xb3\xd0\xbe \xd0\xba\xd0\xb0\xd1\x82\xd0\xb0\xd0\xbb\xd0\xbe\xd0\xb3\xd0\xb0\n\n\xd0\xb2\xd1\x8b\xd1\x80\xd0\xb0\xd1\x89\xd0\xb8\xd0\xb2\xd0\xb0\xd0\xbd\xd0\xb8\xd0\xb5, \xd0\xbc\xd0\xb0\xd1\x80\xd0\xba\xd0\xb8\xd1\x80\xd0\xbe\xd0\xb2\xd0\xba\xd0\xb0 \xd0\xb8 \xd0\xbf\xd1\x80\xd0\xb0\xd0\xb2\xd0\xba\xd0\xb0 \xd0\xb2\xd0\xb0\xd1\x88\xd0\xb5\xd0\xb9 \xd0\xbe\xd0\xb1\xd1\x89\xd0\xb5\xd0\xb9 \xd0\xb8\xd1\x81\xd1\x82\xd0\xbe\xd1\x80\xd0\xb8\xd0\xb8\n   branch    \xd0\x92\xd1\x8b\xd0\xb2\xd0\xbe\xd0\xb4 \xd1\x81\xd0\xbf\xd0\xb8\xd1\x81\xd0\xba\xd0\xb0, \xd1\x81\xd0\xbe\xd0\xb7\xd0\xb4\xd0\xb0\xd0\xbd\xd0\xb8\xd0\xb5 \xd0\xb8\xd0\xbb\xd0\xb8 \xd1\x83\xd0\xb4\xd0\xb0\xd0\xbb\xd0\xb5\xd0\xbd\xd0\xb8\xd0\xb5 \xd0\xb2\xd0\xb5\xd1\x82\xd0\xbe\xd0\xba\n   commit    \xd0\x97\xd0\xb0\xd0\xbf\xd0\xb8\xd1\x81\xd1\x8c \xd0\xb8\xd0\xb7\xd0\xbc\xd0\xb5\xd0\xbd\xd0\xb5\xd0\xbd\xd0\xb8\xd0\xb9 \xd0\xb2 \xd1\x80\xd0\xb5\xd0\xbf\xd0\xbe\xd0\xb7\xd0\xb8\xd1\x82\xd0\xbe\xd1\x80\xd0\xb8\xd0\xb9\n   merge     \xd0\x9e\xd0\xb1\xd1\x8a\xd0\xb5\xd0\xb4\xd0\xb8\xd0\xbd\xd0\xb5\xd0\xbd\xd0\xb8\xd0\xb5 \xd0\xbe\xd0\xb4\xd0\xbd\xd0\xbe\xd0\xb9 \xd0\xb8\xd0\xbb\xd0\xb8 \xd0\xbd\xd0\xb5\xd1\x81\xd0\xba\xd0\xbe\xd0\xbb\xd1\x8c\xd0\xba\xd0\xb8\xd1\x85 \xd0\xb8\xd1\x81\xd1\x82\xd0\xbe\xd1\x80\xd0\xb8\xd0\xb9 \xd1\x80\xd0\xb0\xd0\xb7\xd1\x80\xd0\xb0\xd0\xb1\xd0\xbe\xd1\x82\xd0\xba\xd0\xb8 \xd0\xb2\xd0\xbc\xd0\xb5\xd1\x81\xd1\x82\xd0\xb5\n   rebase    \xd0\x9f\xd0\xbe\xd0\xb2\xd1\x82\xd0\xbe\xd1\x80\xd0\xbd\xd0\xbe\xd0\xb5 \xd0\xbf\xd1\x80\xd0\xb8\xd0\xbc\xd0\xb5\xd0\xbd\xd0\xb5\xd0\xbd\xd0\xb8\xd0\xb5 \xd0\xba\xd0\xbe\xd0\xbc\xd0\xbc\xd0\xb8\xd1\x82\xd0\xbe\xd0\xb2 \xd0\xbd\xd0\xb0\xd0\xb4 \xd0\xb2\xd0\xb5\xd1\x80\xd1\x85\xd1\x83\xd1\x88\xd0\xba\xd0\xbe\xd0\xb9 \xd0\xb4\xd1\x80\xd1\x83\xd0\xb3\xd0\xbe\xd0\xb9 \xd0\xb2\xd0\xb5\xd1\x82\xd0\xba\xd0\xb8\n   reset     \xd0\xa1\xd0\xb1\xd1\x80\xd0\xbe\xd1\x81 \xd1\x82\xd0\xb5\xd0\xba\xd1\x83\xd1\x89\xd0\xb5\xd0\xb3\xd0\xbe \xd1\x81\xd0\xbe\xd1\x81\xd1\x82\xd0\xbe\xd1\x8f\xd0\xbd\xd0\xb8\xd1\x8f HEAD \xd0\xbd\xd0\xb0 \xd1\x83\xd0\xba\xd0\xb0\xd0\xb7\xd0\xb0\xd0\xbd\xd0\xbd\xd0\xbe\xd0\xb5 \xd1\x81\xd0\xbe\xd1\x81\xd1\x82\xd0\xbe\xd1\x8f\xd0\xbd\xd0\xb8\xd0\xb5\n   switch    \xd0\x9f\xd0\xb5\xd1\x80\xd0\xb5\xd0\xba\xd0\xbb\xd1\x8e\xd1\x87\xd0\xb5\xd0\xbd\xd0\xb8\xd0\xb5 \xd0\xb2\xd0\xb5\xd1\x82\xd0\xbe\xd0\xba\n   tag       \xd0\xa1\xd0\xbe\xd0\xb7\xd0\xb4\xd0\xb0\xd0\xbd\xd0\xb8\xd0\xb5, \xd0\xb2\xd1\x8b\xd0\xb2\xd0\xbe\xd0\xb4 \xd1\x81\xd0\xbf\xd0\xb8\xd1\x81\xd0\xba\xd0\xb0, \xd1\x83\xd0\xb4\xd0\xb0\xd0\xbb\xd0\xb5\xd0\xbd\xd0\xb8\xd0\xb5 \xd0\xb8\xd0\xbb\xd0\xb8 \xd0\xbf\xd1\x80\xd0\xbe\xd0\xb2\xd0\xb5\xd1\x80\xd0\xba\xd0\xb0 \xd0\xbc\xd0\xb5\xd1\x82\xd0\xba\xd0\xb8, \xd0\xbf\xd0\xbe\xd0\xb4\xd0\xbf\xd0\xb8\xd1\x81\xd0\xb0\xd0\xbd\xd0\xbd\xd0\xbe\xd0\xb9 \xd1\x81 \xd0\xbf\xd0\xbe\xd0\xbc\xd0\xbe\xd1\x89\xd1\x8c\xd1\x8e GPG\n\n\xd1\x81\xd0\xbe\xd0\xb2\xd0\xbc\xd0\xb5\xd1\x81\xd1\x82\xd0\xbd\xd0\xb0\xd1\x8f \xd1\x80\xd0\xb0\xd0\xb1\xd0\xbe\xd1\x82\xd0\xb0 (\xd1\x81\xd0\xbc\xd0\xbe\xd1\x82\xd1\x80\xd0\xb8\xd1\x82\xd0\xb5 \xd1\x82\xd0\xb0\xd0\xba\xd0\xb6\xd0\xb5: git help workflows)\n   fetch     \xd0\x97\xd0\xb0\xd0\xb3\xd1\x80\xd1\x83\xd0\xb7\xd0\xba\xd0\xb0 \xd0\xbe\xd0\xb1\xd1\x8a\xd0\xb5\xd0\xba\xd1\x82\xd0\xbe\xd0\xb2 \xd0\xb8 \xd1\x81\xd1\x81\xd1\x8b\xd0\xbb\xd0\xbe\xd0\xba \xd0\xb8\xd0\xb7 \xd0\xb4\xd1\x80\xd1\x83\xd0\xb3\xd0\xbe\xd0\xb3\xd0\xbe \xd1\x80\xd0\xb5\xd0\xbf\xd0\xbe\xd0\xb7\xd0\xb8\xd1\x82\xd0\xbe\xd1\x80\xd0\xb8\xd1\x8f\n   pull      \xd0\x98\xd0\xb7\xd0\xb2\xd0\xbb\xd0\xb5\xd1\x87\xd0\xb5\xd0\xbd\xd0\xb8\xd0\xb5 \xd0\xb8\xd0\xb7\xd0\xbc\xd0\xb5\xd0\xbd\xd0\xb5\xd0\xbd\xd0\xb8\xd0\xb9 \xd0\xb8 \xd0\xbe\xd0\xb1\xd1\x8a\xd0\xb5\xd0\xb4\xd0\xb8\xd0\xbd\xd0\xb5\xd0\xbd\xd0\xb8\xd0\xb5 \xd1\x81 \xd0\xb4\xd1\x80\xd1\x83\xd0\xb3\xd0\xb8\xd0\xbc \xd1\x80\xd0\xb5\xd0\xbf\xd0\xbe\xd0\xb7\xd0\xb8\xd1\x82\xd0\xbe\xd1\x80\xd0\xb8\xd0\xb5\xd0\xbc \xd0\xb8\xd0\xbb\xd0\xb8 \xd0\xbb\xd0\xbe\xd0\xba\xd0\xb0\xd0\xbb\xd1\x8c\xd0\xbd\xd0\xbe\xd0\xb9 \xd0\xb2\xd0\xb5\xd1\x82\xd0\xba\xd0\xbe\xd0\xb9\n   push      \xd0\x9e\xd0\xb1\xd0\xbd\xd0\xbe\xd0\xb2\xd0\xbb\xd0\xb5\xd0\xbd\xd0\xb8\xd0\xb5 \xd0\xb2\xd0\xbd\xd0\xb5\xd1\x88\xd0\xbd\xd0\xb8\xd1\x85 \xd1\x81\xd1\x81\xd1\x8b\xd0\xbb\xd0\xbe\xd0\xba \xd0\xb8 \xd1\x81\xd0\xb2\xd1\x8f\xd0\xb7\xd0\xb0\xd0\xbd\xd0\xbd\xd1\x8b\xd1\x85 \xd0\xbe\xd0\xb1\xd1\x8a\xd0\xb5\xd0\xba\xd1\x82\xd0\xbe\xd0\xb2\n\n\xc2\xabgit help -a\xc2\xbb \xd0\xb8 \xc2\xabgit help -g\xc2\xbb \xd0\xb2\xd1\x8b\xd0\xb2\xd0\xbe\xd0\xb4\xd0\xb8\xd1\x82 \xd1\x81\xd0\xbf\xd0\xb8\xd1\x81\xd0\xbe\xd0\xba \xd0\xb4\xd0\xbe\xd1\x81\xd1\x82\xd1\x83\xd0\xbf\xd0\xbd\xd1\x8b\xd1\x85 \xd0\xbf\xd0\xbe\xd0\xb4\xd0\xba\xd0\xbe\xd0\xbc\xd0\xb0\xd0\xbd\xd0\xb4\n\xd0\xb8 \xd0\xbd\xd0\xb5\xd0\xb1\xd0\xbe\xd0\xbb\xd1\x8c\xd1\x88\xd1\x83\xd1\x8e \xd1\x81\xd0\xbf\xd1\x80\xd0\xb0\xd0\xb2\xd0\xba\xd1\x83 \xd0\xbf\xd0\xbe \xd0\xbf\xd0\xbe\xd0\xbd\xd1\x8f\xd1\x82\xd0\xb8\xd1\x8f\xd0\xbc. \xd0\xa1\xd0\xbc\xd0\xbe\xd1\x82\xd1\x80\xd0\xb8\xd1\x82\xd0\xb5 \xc2\xabgit help <\xd0\xbf\xd0\xbe\xd0\xbd\xd1\x8f\xd1\x82\xd0\xb8\xd0\xb5>\xc2\xbb\n\xd0\xb8\xd0\xbb\xd0\xb8 \xc2\xabgit help <\xd1\x82\xd0\xb5\xd1\x80\xd0\xbc\xd0\xb8\xd0\xbd>\xc2\xbb \xd1\x87\xd1\x82\xd0\xbe\xd0\xb1\xd1\x8b \xd1\x83\xd0\xb7\xd0\xbd\xd0\xb0\xd1\x82\xd1\x8c \xd0\xb1\xd0\xbe\xd0\xbb\xd1\x8c\xd1\x88\xd0\xb5 \xd0\xbe \xd0\xba\xd0\xbe\xd0\xbd\xd0\xba\xd1\x80\xd0\xb5\xd1\x82\xd0\xbd\xd0\xbe\xd0\xb9 \xd0\xbf\xd0\xbe\xd0\xb4\xd0\xba\xd0\xbe\xd0\xbc\xd0\xb0\xd0\xbd\xd0\xb4\xd0\xb5\n\xd0\xb8\xd0\xbb\xd0\xb8 \xd0\xbf\xd0\xbe\xd0\xbd\xd1\x8f\xd1\x82\xd0\xb8\xd0\xb8.\n\xd0\xa1\xd0\xbc\xd0\xbe\xd1\x82\xd1\x80\xd0\xb8\xd1\x82\xd0\xb5 \xc2\xabgit help git\xc2\xbb \xd0\xb4\xd0\xbb\xd1\x8f \xd0\xbf\xd0\xbe\xd0\xbb\xd1\x83\xd1\x87\xd0\xb5\xd0\xbd\xd0\xb8\xd1\x8f \xd0\xbe\xd0\xb1\xd1\x89\xd0\xb5\xd0\xb3\xd0\xbe \xd0\xbe\xd0\xb1\xd0\xb7\xd0\xbe\xd1\x80\xd0\xb0 \xd1\x81\xd0\xb8\xd1\x81\xd1\x82\xd0\xb5\xd0\xbc\xd1\x8b.\n'"
[0m16:31:11.135342 [debug] [MainThread]: STDERR: "b''"
[0m16:31:11.135683 [info ] [MainThread]:  - git [[32mOK found[0m]

[0m16:31:11.135973 [info ] [MainThread]: Connection:
[0m16:31:11.136241 [info ] [MainThread]:   database: dev
[0m16:31:11.136459 [info ] [MainThread]:   schema: main
[0m16:31:11.136664 [info ] [MainThread]:   path: dev.duckdb
[0m16:31:11.136858 [info ] [MainThread]:   config_options: None
[0m16:31:11.137053 [info ] [MainThread]:   extensions: None
[0m16:31:11.137249 [info ] [MainThread]:   settings: {}
[0m16:31:11.137442 [info ] [MainThread]:   external_root: .
[0m16:31:11.137642 [info ] [MainThread]:   use_credential_provider: None
[0m16:31:11.137845 [info ] [MainThread]:   attach: None
[0m16:31:11.138035 [info ] [MainThread]:   filesystems: None
[0m16:31:11.138233 [info ] [MainThread]:   remote: None
[0m16:31:11.138427 [info ] [MainThread]:   plugins: None
[0m16:31:11.138614 [info ] [MainThread]:   disable_transactions: False
[0m16:31:11.139154 [info ] [MainThread]: Registered adapter: duckdb=1.10.1
[0m16:31:11.236139 [debug] [MainThread]: Acquiring new duckdb connection 'debug'
[0m16:31:11.273759 [debug] [MainThread]: Using duckdb connection "debug"
[0m16:31:11.274134 [debug] [MainThread]: On debug: select 1 as id
[0m16:31:11.274381 [debug] [MainThread]: Opening a new connection, currently in state init
[0m16:31:11.290099 [debug] [MainThread]: SQL status: OK in 0.016 seconds
[0m16:31:11.291001 [debug] [MainThread]: On debug: Close
[0m16:31:11.291336 [info ] [MainThread]:   Connection test: [[32mOK connection ok[0m]

[0m16:31:11.291621 [info ] [MainThread]: [31m1 check failed:[0m
[0m16:31:11.291853 [info ] [MainThread]: Project loading failed for the following reason:
 project path </Users/elizavetafavarisova/Documents/projects/global-weather-data/dbt_project.yml> not found

[0m16:31:11.293200 [debug] [MainThread]: Resource report: {"command_name": "debug", "command_success": false, "command_wall_clock_time": 0.39907566, "process_in_blocks": "0", "process_kernel_time": 0.245122, "process_mem_max_rss": "137379840", "process_out_blocks": "0", "process_user_time": 1.389852}
[0m16:31:11.293611 [debug] [MainThread]: Command `dbt debug` failed at 16:31:11.293537 after 0.40 seconds
[0m16:31:11.293906 [debug] [MainThread]: Connection 'debug' was properly closed.
[0m16:31:11.294188 [debug] [MainThread]: Sending event: {'category': 'dbt', 'action': 'invocation', 'label': 'end', 'context': [<snowplow_tracker.self_describing_json.SelfDescribingJson object at 0x104f1d970>, <snowplow_tracker.self_describing_json.SelfDescribingJson object at 0x105416030>, <snowplow_tracker.self_describing_json.SelfDescribingJson object at 0x101fb60f0>]}
[0m16:31:11.294524 [debug] [MainThread]: Flushing usage events
[0m16:31:12.133521 [debug] [MainThread]: An error was encountered while trying to flush usage events
